
################# RUN getGenomes Command #################

The Run Started at : 2023-06-02 16:50:02.033312
The Run Ended at : 2023-06-02 16:51:20.556534
The Run took : 78.523222 seconds to extract the data

#################

Watching for file changes with StatReloader

################# RUN getGenomes Command #################

The Run Started at : 2023-06-02 17:00:01.935294
The Run Ended at : 2023-06-02 17:01:36.162518
The Run took : 94.227224 seconds to extract the data

#################


################# RUN getGenomes Command #################

The Run Started at : 2023-06-02 17:10:02.531343
The Run Ended at : 2023-06-02 17:11:43.603907
The Run took : 101.072564 seconds to extract the data

#################


################# RUN getGenomes Command #################

The Run Started at : 2023-06-02 17:20:03.239459
The Run Ended at : 2023-06-02 17:21:59.735345
The Run took : 116.495886 seconds to extract the data

#################

